<?xml version="1.0" encoding="UTF-8"?>
<coverage generated="1646012142034" clover="3.2.0">
  <project timestamp="1646012142034" name="All files">
    <metrics statements="75" coveredstatements="69" conditionals="24" coveredconditionals="20" methods="13" coveredmethods="13" elements="112" coveredelements="102" complexity="0" loc="75" ncloc="75" packages="1" files="3" classes="3"/>
    <file name="Memory.ts" path="/home/samuel/usb/Lenguajes/examen/CI3641/examen1/pregunta3/src/models/Memory.ts">
      <metrics statements="68" coveredstatements="62" conditionals="22" coveredconditionals="18" methods="12" coveredmethods="12"/>
      <line num="1" count="1" type="stmt"/>
      <line num="7" count="20" type="stmt"/>
      <line num="8" count="20" type="stmt"/>
      <line num="9" count="20" type="stmt"/>
      <line num="13" count="1" type="stmt"/>
      <line num="18" count="2" type="stmt"/>
      <line num="19" count="2" type="stmt"/>
      <line num="21" count="2" type="stmt"/>
      <line num="23" count="2" type="stmt"/>
      <line num="25" count="16" type="stmt"/>
      <line num="27" count="2" type="stmt"/>
      <line num="31" count="1" type="stmt"/>
      <line num="37" count="8" type="stmt"/>
      <line num="39" count="2" type="cond" truecount="3" falsecount="0"/>
      <line num="40" count="2" type="cond" truecount="2" falsecount="0"/>
      <line num="49" count="1" type="cond" truecount="1" falsecount="0"/>
      <line num="50" count="1" type="cond" truecount="1" falsecount="1"/>
      <line num="56" count="1" type="stmt"/>
      <line num="57" count="1" type="stmt"/>
      <line num="61" count="6" type="cond" truecount="1" falsecount="0"/>
      <line num="63" count="10" type="stmt"/>
      <line num="66" count="1" type="stmt"/>
      <line num="67" count="5" type="stmt"/>
      <line num="69" count="5" type="stmt"/>
      <line num="70" count="5" type="cond" truecount="1" falsecount="0"/>
      <line num="71" count="2" type="stmt"/>
      <line num="72" count="2" type="cond" truecount="1" falsecount="0"/>
      <line num="73" count="2" type="stmt"/>
      <line num="74" count="2" type="stmt"/>
      <line num="76" count="2" type="stmt"/>
      <line num="78" count="3" type="stmt"/>
      <line num="79" count="6" type="cond" truecount="1" falsecount="0"/>
      <line num="80" count="3" type="stmt"/>
      <line num="82" count="3" type="cond" truecount="0" falsecount="1"/>
      <line num="83" count="0" type="stmt"/>
      <line num="84" count="0" type="stmt"/>
      <line num="86" count="3" type="stmt"/>
      <line num="87" count="3" type="stmt"/>
      <line num="88" count="3" type="stmt"/>
      <line num="89" count="6" type="cond" truecount="1" falsecount="0"/>
      <line num="90" count="6" type="stmt"/>
      <line num="94" count="6" type="stmt"/>
      <line num="98" count="6" type="stmt"/>
      <line num="99" count="6" type="stmt"/>
      <line num="100" count="6" type="stmt"/>
      <line num="103" count="3" type="cond" truecount="1" falsecount="0"/>
      <line num="104" count="3" type="stmt"/>
      <line num="105" count="3" type="stmt"/>
      <line num="110" count="1" type="stmt"/>
      <line num="111" count="3" type="stmt"/>
      <line num="113" count="1" type="cond" truecount="0" falsecount="1"/>
      <line num="114" count="0" type="stmt"/>
      <line num="115" count="1" type="stmt"/>
      <line num="116" count="1" type="stmt"/>
      <line num="117" count="1" type="stmt"/>
      <line num="120" count="1" type="stmt"/>
      <line num="121" count="1" type="stmt"/>
      <line num="122" count="1" type="stmt"/>
      <line num="123" count="1" type="cond" truecount="1" falsecount="0"/>
      <line num="124" count="1" type="stmt"/>
      <line num="131" count="1" type="stmt"/>
      <line num="132" count="1" type="stmt"/>
      <line num="140" count="0" type="stmt"/>
      <line num="144" count="0" type="stmt"/>
      <line num="145" count="0" type="stmt"/>
      <line num="147" count="1" type="stmt"/>
      <line num="154" count="1" type="stmt"/>
      <line num="158" count="1" type="stmt"/>
    </file>
    <file name="index.ts" path="/home/samuel/usb/Lenguajes/examen/CI3641/examen1/pregunta3/src/models/index.ts">
      <metrics statements="2" coveredstatements="2" conditionals="0" coveredconditionals="0" methods="0" coveredmethods="0"/>
      <line num="1" count="1" type="stmt"/>
      <line num="2" count="1" type="stmt"/>
    </file>
    <file name="options.ts" path="/home/samuel/usb/Lenguajes/examen/CI3641/examen1/pregunta3/src/models/options.ts">
      <metrics statements="5" coveredstatements="5" conditionals="2" coveredconditionals="2" methods="1" coveredmethods="1"/>
      <line num="1" count="1" type="cond" truecount="2" falsecount="0"/>
      <line num="2" count="1" type="stmt"/>
      <line num="3" count="1" type="stmt"/>
      <line num="4" count="1" type="stmt"/>
      <line num="5" count="1" type="stmt"/>
    </file>
  </project>
</coverage>
