{"/home/samuel/usb/Lenguajes/examen/CI3641/examen1/pregunta3/src/models/Memory.ts": {"path":"/home/samuel/usb/Lenguajes/examen/CI3641/examen1/pregunta3/src/models/Memory.ts","statementMap":{"0":{"start":{"line":7,"column":2},"end":{"line":7,"column":14}},"1":{"start":{"line":8,"column":2},"end":{"line":8,"column":14}},"2":{"start":{"line":9,"column":2},"end":{"line":9,"column":19}},"3":{"start":{"line":1,"column":0},"end":{"line":1,"column":13}},"4":{"start":{"line":18,"column":2},"end":{"line":18,"column":31}},"5":{"start":{"line":19,"column":2},"end":{"line":19,"column":29}},"6":{"start":{"line":21,"column":10},"end":{"line":21,"column":56}},"7":{"start":{"line":23,"column":2},"end":{"line":23,"column":45}},"8":{"start":{"line":25,"column":2},"end":{"line":25,"column":63}},"9":{"start":{"line":25,"column":15},"end":{"line":25,"column":16}},"10":{"start":{"line":25,"column":31},"end":{"line":25,"column":63}},"11":{"start":{"line":27,"column":2},"end":{"line":27,"column":64}},"12":{"start":{"line":31,"column":17},"end":{"line":55,"column":2}},"13":{"start":{"line":37,"column":20},"end":{"line":37,"column":32}},"14":{"start":{"line":39,"column":2},"end":{"line":41,"column":null}},"15":{"start":{"line":40,"column":3},"end":{"line":40,"column":69}},"16":{"start":{"line":49,"column":1},"end":{"line":53,"column":null}},"17":{"start":{"line":50,"column":2},"end":{"line":52,"column":47}},"18":{"start":{"line":56,"column":2},"end":{"line":56,"column":22}},"19":{"start":{"line":57,"column":2},"end":{"line":57,"column":16}},"20":{"start":{"line":61,"column":2},"end":{"line":66,"column":63}},"21":{"start":{"line":63,"column":16},"end":{"line":63,"column":47}},"22":{"start":{"line":66,"column":3},"end":{"line":66,"column":63}},"23":{"start":{"line":67,"column":10},"end":{"line":67,"column":73}},"24":{"start":{"line":69,"column":31},"end":{"line":69,"column":40}},"25":{"start":{"line":70,"column":2},"end":{"line":77,"column":null}},"26":{"start":{"line":71,"column":3},"end":{"line":71,"column":45}},"27":{"start":{"line":72,"column":3},"end":{"line":75,"column":null}},"28":{"start":{"line":73,"column":4},"end":{"line":73,"column":32}},"29":{"start":{"line":74,"column":4},"end":{"line":74,"column":37}},"30":{"start":{"line":76,"column":3},"end":{"line":76,"column":10}},"31":{"start":{"line":78,"column":2},"end":{"line":81,"column":null}},"32":{"start":{"line":79,"column":3},"end":{"line":79,"column":56}},"33":{"start":{"line":79,"column":47},"end":{"line":79,"column":56}},"34":{"start":{"line":80,"column":3},"end":{"line":80,"column":9}},"35":{"start":{"line":82,"column":2},"end":{"line":85,"column":null}},"36":{"start":{"line":83,"column":3},"end":{"line":83,"column":59}},"37":{"start":{"line":84,"column":3},"end":{"line":84,"column":10}},"38":{"start":{"line":86,"column":2},"end":{"line":86,"column":44}},"39":{"start":{"line":87,"column":2},"end":{"line":87,"column":6}},"40":{"start":{"line":88,"column":2},"end":{"line":102,"column":null}},"41":{"start":{"line":89,"column":3},"end":{"line":101,"column":null}},"42":{"start":{"line":90,"column":18},"end":{"line":92,"column":null}},"43":{"start":{"line":94,"column":19},"end":{"line":96,"column":null}},"44":{"start":{"line":98,"column":4},"end":{"line":98,"column":45}},"45":{"start":{"line":99,"column":4},"end":{"line":99,"column":46}},"46":{"start":{"line":100,"column":4},"end":{"line":100,"column":46}},"47":{"start":{"line":103,"column":2},"end":{"line":106,"column":null}},"48":{"start":{"line":104,"column":3},"end":{"line":104,"column":31}},"49":{"start":{"line":105,"column":3},"end":{"line":105,"column":36}},"50":{"start":{"line":110,"column":24},"end":{"line":111,"column":null}},"51":{"start":{"line":111,"column":15},"end":{"line":111,"column":46}},"52":{"start":{"line":113,"column":2},"end":{"line":114,"column":63}},"53":{"start":{"line":114,"column":3},"end":{"line":114,"column":63}},"54":{"start":{"line":115,"column":22},"end":{"line":115,"column":58}},"55":{"start":{"line":116,"column":32},"end":{"line":116,"column":67}},"56":{"start":{"line":117,"column":10},"end":{"line":118,"column":null}},"57":{"start":{"line":120,"column":15},"end":{"line":120,"column":55}},"58":{"start":{"line":121,"column":32},"end":{"line":121,"column":58}},"59":{"start":{"line":122,"column":2},"end":{"line":122,"column":35}},"60":{"start":{"line":123,"column":2},"end":{"line":130,"column":null}},"61":{"start":{"line":124,"column":3},"end":{"line":129,"column":5}},"62":{"start":{"line":131,"column":10},"end":{"line":131,"column":11}},"63":{"start":{"line":132,"column":2},"end":{"line":146,"column":null}},"64":{"start":{"line":140,"column":3},"end":{"line":143,"column":5}},"65":{"start":{"line":144,"column":3},"end":{"line":144,"column":35}},"66":{"start":{"line":145,"column":3},"end":{"line":145,"column":10}},"67":{"start":{"line":147,"column":2},"end":{"line":150,"column":4}},"68":{"start":{"line":154,"column":2},"end":{"line":154,"column":33}},"69":{"start":{"line":158,"column":2},"end":{"line":158,"column":31}},"70":{"start":{"line":13,"column":0},"end":{"line":13,"column":13}}},"fnMap":{"0":{"name":"(anonymous_0)","decl":{"start":{"line":6,"column":1},"end":{"line":6,"column":13}},"loc":{"start":{"line":6,"column":48},"end":{"line":10,"column":2}}},"1":{"name":"(anonymous_1)","decl":{"start":{"line":17,"column":1},"end":{"line":17,"column":13}},"loc":{"start":{"line":17,"column":32},"end":{"line":28,"column":2}}},"2":{"name":"(anonymous_2)","decl":{"start":{"line":30,"column":1},"end":{"line":30,"column":5}},"loc":{"start":{"line":30,"column":5},"end":{"line":58,"column":2}}},"3":{"name":"(anonymous_3)","decl":{"start":{"line":37,"column":9},"end":{"line":37,"column":10}},"loc":{"start":{"line":37,"column":20},"end":{"line":37,"column":32}}},"4":{"name":"(anonymous_4)","decl":{"start":{"line":38,"column":6},"end":{"line":38,"column":7}},"loc":{"start":{"line":38,"column":19},"end":{"line":42,"column":2}}},"5":{"name":"(anonymous_5)","decl":{"start":{"line":48,"column":28},"end":{"line":48,"column":29}},"loc":{"start":{"line":48,"column":41},"end":{"line":54,"column":1}}},"6":{"name":"(anonymous_6)","decl":{"start":{"line":60,"column":1},"end":{"line":60,"column":9}},"loc":{"start":{"line":60,"column":59},"end":{"line":107,"column":2}}},"7":{"name":"(anonymous_7)","decl":{"start":{"line":63,"column":4},"end":{"line":63,"column":5}},"loc":{"start":{"line":63,"column":16},"end":{"line":63,"column":47}}},"8":{"name":"(anonymous_8)","decl":{"start":{"line":109,"column":1},"end":{"line":109,"column":5}},"loc":{"start":{"line":109,"column":29},"end":{"line":151,"column":2}}},"9":{"name":"(anonymous_9)","decl":{"start":{"line":111,"column":3},"end":{"line":111,"column":4}},"loc":{"start":{"line":111,"column":15},"end":{"line":111,"column":46}}},"10":{"name":"(anonymous_10)","decl":{"start":{"line":153,"column":1},"end":{"line":153,"column":5}},"loc":{"start":{"line":153,"column":22},"end":{"line":155,"column":2}}},"11":{"name":"(anonymous_11)","decl":{"start":{"line":157,"column":1},"end":{"line":157,"column":5}},"loc":{"start":{"line":157,"column":20},"end":{"line":159,"column":2}}}},"branchMap":{"0":{"loc":{"start":{"line":39,"column":2},"end":{"line":41,"column":null}},"type":"if","locations":[{"start":{"line":39,"column":2},"end":{"line":41,"column":null}}]},"1":{"loc":{"start":{"line":39,"column":6},"end":{"line":39,"column":27}},"type":"binary-expr","locations":[{"start":{"line":39,"column":6},"end":{"line":39,"column":11}},{"start":{"line":39,"column":15},"end":{"line":39,"column":27}}]},"2":{"loc":{"start":{"line":40,"column":13},"end":{"line":40,"column":29}},"type":"cond-expr","locations":[{"start":{"line":40,"column":21},"end":{"line":40,"column":24}},{"start":{"line":40,"column":27},"end":{"line":40,"column":29}}]},"3":{"loc":{"start":{"line":49,"column":1},"end":{"line":53,"column":null}},"type":"if","locations":[{"start":{"line":49,"column":1},"end":{"line":53,"column":null}}]},"4":{"loc":{"start":{"line":50,"column":12},"end":{"line":50,"column":42}},"type":"cond-expr","locations":[{"start":{"line":50,"column":22},"end":{"line":50,"column":30}},{"start":{"line":50,"column":33},"end":{"line":50,"column":42}}]},"5":{"loc":{"start":{"line":61,"column":2},"end":{"line":66,"column":63}},"type":"if","locations":[{"start":{"line":61,"column":2},"end":{"line":66,"column":63}}]},"6":{"loc":{"start":{"line":70,"column":2},"end":{"line":77,"column":null}},"type":"if","locations":[{"start":{"line":70,"column":2},"end":{"line":77,"column":null}}]},"7":{"loc":{"start":{"line":72,"column":3},"end":{"line":75,"column":null}},"type":"if","locations":[{"start":{"line":72,"column":3},"end":{"line":75,"column":null}}]},"8":{"loc":{"start":{"line":79,"column":3},"end":{"line":79,"column":56}},"type":"if","locations":[{"start":{"line":79,"column":3},"end":{"line":79,"column":56}}]},"9":{"loc":{"start":{"line":82,"column":2},"end":{"line":85,"column":null}},"type":"if","locations":[{"start":{"line":82,"column":2},"end":{"line":85,"column":null}}]},"10":{"loc":{"start":{"line":89,"column":3},"end":{"line":101,"column":null}},"type":"if","locations":[{"start":{"line":89,"column":3},"end":{"line":101,"column":null}}]},"11":{"loc":{"start":{"line":103,"column":2},"end":{"line":106,"column":null}},"type":"if","locations":[{"start":{"line":103,"column":2},"end":{"line":106,"column":null}}]},"12":{"loc":{"start":{"line":113,"column":2},"end":{"line":114,"column":63}},"type":"if","locations":[{"start":{"line":113,"column":2},"end":{"line":114,"column":63}}]},"13":{"loc":{"start":{"line":123,"column":2},"end":{"line":130,"column":null}},"type":"if","locations":[{"start":{"line":123,"column":2},"end":{"line":130,"column":null}}]},"14":{"loc":{"start":{"line":133,"column":3},"end":{"line":138,"column":44}},"type":"binary-expr","locations":[{"start":{"line":133,"column":3},"end":{"line":133,"column":36}},{"start":{"line":134,"column":3},"end":{"line":134,"column":32}},{"start":{"line":135,"column":3},"end":{"line":135,"column":33}},{"start":{"line":136,"column":3},"end":{"line":136,"column":40}},{"start":{"line":137,"column":3},"end":{"line":138,"column":44}}]}},"s":{"0":20,"1":20,"2":20,"3":1,"4":2,"5":2,"6":2,"7":2,"8":2,"9":2,"10":16,"11":2,"12":1,"13":8,"14":2,"15":2,"16":1,"17":1,"18":1,"19":1,"20":6,"21":10,"22":1,"23":5,"24":5,"25":5,"26":2,"27":2,"28":2,"29":2,"30":2,"31":3,"32":6,"33":3,"34":3,"35":3,"36":0,"37":0,"38":3,"39":3,"40":3,"41":6,"42":6,"43":6,"44":6,"45":6,"46":6,"47":3,"48":3,"49":3,"50":1,"51":3,"52":1,"53":0,"54":1,"55":1,"56":1,"57":1,"58":1,"59":1,"60":1,"61":1,"62":1,"63":1,"64":0,"65":0,"66":0,"67":1,"68":1,"69":1,"70":1},"f":{"0":20,"1":2,"2":1,"3":8,"4":2,"5":1,"6":6,"7":10,"8":1,"9":3,"10":1,"11":1},"b":{"0":[2],"1":[2,2],"2":[1,1],"3":[1],"4":[1,0],"5":[1],"6":[2],"7":[2],"8":[3],"9":[0],"10":[6],"11":[3],"12":[0],"13":[1],"14":[1,1,1,1,0]}}
,"/home/samuel/usb/Lenguajes/examen/CI3641/examen1/pregunta3/src/models/index.ts": {"path":"/home/samuel/usb/Lenguajes/examen/CI3641/examen1/pregunta3/src/models/index.ts","statementMap":{"0":{"start":{"line":1,"column":0},"end":{"line":1,"column":26}},"1":{"start":{"line":2,"column":0},"end":{"line":2,"column":25}}},"fnMap":{},"branchMap":{},"s":{"0":1,"1":1},"f":{},"b":{}}
,"/home/samuel/usb/Lenguajes/examen/CI3641/examen1/pregunta3/src/models/options.ts": {"path":"/home/samuel/usb/Lenguajes/examen/CI3641/examen1/pregunta3/src/models/options.ts","statementMap":{"0":{"start":{"line":1,"column":0},"end":{"line":1,"column":null}},"1":{"start":{"line":2,"column":4},"end":{"line":2,"column":null}},"2":{"start":{"line":3,"column":4},"end":{"line":3,"column":null}},"3":{"start":{"line":4,"column":4},"end":{"line":4,"column":null}},"4":{"start":{"line":5,"column":4},"end":{"line":5,"column":null}}},"fnMap":{"0":{"name":"(anonymous_0)","decl":{"start":{"line":1,"column":0},"end":{"line":1,"column":12}},"loc":{"start":{"line":1,"column":23},"end":{"line":6,"column":1}}}},"branchMap":{"0":{"loc":{"start":{"line":1,"column":12},"end":{"line":1,"column":null}},"type":"binary-expr","locations":[{"start":{"line":1,"column":12},"end":{"line":1,"column":23}},{"start":{"line":1,"column":12},"end":{"line":1,"column":null}}]}},"s":{"0":1,"1":1,"2":1,"3":1,"4":1},"f":{"0":1},"b":{"0":[1,1]}}
}
