TN:
SF:src/models/Memory.ts
FN:6,(anonymous_0)
FN:17,(anonymous_1)
FN:30,(anonymous_2)
FN:37,(anonymous_3)
FN:38,(anonymous_4)
FN:48,(anonymous_5)
FN:60,(anonymous_6)
FN:63,(anonymous_7)
FN:109,(anonymous_8)
FN:111,(anonymous_9)
FN:153,(anonymous_10)
FN:157,(anonymous_11)
FNF:12
FNH:12
FNDA:20,(anonymous_0)
FNDA:2,(anonymous_1)
FNDA:1,(anonymous_2)
FNDA:8,(anonymous_3)
FNDA:2,(anonymous_4)
FNDA:1,(anonymous_5)
FNDA:6,(anonymous_6)
FNDA:10,(anonymous_7)
FNDA:1,(anonymous_8)
FNDA:3,(anonymous_9)
FNDA:1,(anonymous_10)
FNDA:1,(anonymous_11)
DA:1,1
DA:7,20
DA:8,20
DA:9,20
DA:13,1
DA:18,2
DA:19,2
DA:21,2
DA:23,2
DA:25,16
DA:27,2
DA:31,1
DA:37,8
DA:39,2
DA:40,2
DA:49,1
DA:50,1
DA:56,1
DA:57,1
DA:61,6
DA:63,10
DA:66,1
DA:67,5
DA:69,5
DA:70,5
DA:71,2
DA:72,2
DA:73,2
DA:74,2
DA:76,2
DA:78,3
DA:79,6
DA:80,3
DA:82,3
DA:83,0
DA:84,0
DA:86,3
DA:87,3
DA:88,3
DA:89,6
DA:90,6
DA:94,6
DA:98,6
DA:99,6
DA:100,6
DA:103,3
DA:104,3
DA:105,3
DA:110,1
DA:111,3
DA:113,1
DA:114,0
DA:115,1
DA:116,1
DA:117,1
DA:120,1
DA:121,1
DA:122,1
DA:123,1
DA:124,1
DA:131,1
DA:132,1
DA:140,0
DA:144,0
DA:145,0
DA:147,1
DA:154,1
DA:158,1
LF:68
LH:62
BRDA:39,0,0,2
BRDA:39,1,0,2
BRDA:39,1,1,2
BRDA:40,2,0,1
BRDA:40,2,1,1
BRDA:49,3,0,1
BRDA:50,4,0,1
BRDA:50,4,1,0
BRDA:61,5,0,1
BRDA:70,6,0,2
BRDA:72,7,0,2
BRDA:79,8,0,3
BRDA:82,9,0,0
BRDA:89,10,0,6
BRDA:103,11,0,3
BRDA:113,12,0,0
BRDA:123,13,0,1
BRDA:133,14,0,1
BRDA:133,14,1,1
BRDA:133,14,2,1
BRDA:133,14,3,1
BRDA:133,14,4,0
BRF:22
BRH:18
end_of_record
TN:
SF:src/models/index.ts
FNF:0
FNH:0
DA:1,1
DA:2,1
LF:2
LH:2
BRF:0
BRH:0
end_of_record
TN:
SF:src/models/options.ts
FN:1,(anonymous_0)
FNF:1
FNH:1
FNDA:1,(anonymous_0)
DA:1,1
DA:2,1
DA:3,1
DA:4,1
DA:5,1
LF:5
LH:5
BRDA:1,0,0,1
BRDA:1,0,1,1
BRF:2
BRH:2
end_of_record
